<?xml version="1.0" encoding="UTF-8"?>
<!-- Generated by org.testng.reporters.JUnitXMLReporter -->
<testsuite hostname="BDC4-L-CZMLTF2" ignored="2" name="Default test" tests="1" failures="0" timestamp="14 Mar 2017 12:16:27 GMT" time="219.656" errors="0">
  <testcase name="testMail" time="211.527" classname="test.tests.WebMail"/>
  <testcase name="testWebMail" time="0.0" classname="test.tests.WebMail">
    <ignored/>
  </testcase> <!-- testWebMail -->
  <testcase name="getDeliverDate" time="0.0" classname="test.tests.WebMail">
    <ignored/>
  </testcase> <!-- getDeliverDate -->
</testsuite> <!-- Default test -->
