<?xml version="1.0" encoding="UTF-8"?>
<testng-results skipped="0" failed="0" ignored="2" total="3" passed="1">
  <reporter-output>
  </reporter-output>
  <suite name="Default suite" duration-ms="219656" started-at="2017-03-14T12:12:47Z" finished-at="2017-03-14T12:16:27Z">
    <groups>
    </groups>
    <test name="Default test" duration-ms="219656" started-at="2017-03-14T12:12:47Z" finished-at="2017-03-14T12:16:27Z">
      <class name="test.tests.WebMail">
        <test-method status="PASS" signature="beforeMethod(java.lang.reflect.Method)[pri:0, instance:test.tests.WebMail@7bba5817]" name="beforeMethod" is-config="true" duration-ms="6628" started-at="2017-03-14T17:42:47Z" finished-at="2017-03-14T17:42:54Z">
          <params>
            <param index="0">
              <value>
                <![CDATA[public void test.tests.WebMail.testMail()]]>
              </value>
            </param>
          </params>
          <reporter-output>
          </reporter-output>
        </test-method> <!-- beforeMethod -->
        <test-method status="PASS" signature="testMail()[pri:0, instance:test.tests.WebMail@7bba5817]" name="testMail" duration-ms="211527" started-at="2017-03-14T17:42:54Z" finished-at="2017-03-14T17:46:26Z">
          <reporter-output>
          </reporter-output>
        </test-method> <!-- testMail -->
        <test-method status="PASS" signature="afterMethod()[pri:0, instance:test.tests.WebMail@7bba5817]" name="afterMethod" is-config="true" duration-ms="1478" started-at="2017-03-14T17:46:26Z" finished-at="2017-03-14T17:46:27Z">
          <reporter-output>
          </reporter-output>
        </test-method> <!-- afterMethod -->
      </class> <!-- test.tests.WebMail -->
    </test> <!-- Default test -->
  </suite> <!-- Default suite -->
</testng-results>
